# JRE version: Java(TM) SE Runtime Environment (8.0_131-b11) (build 1.8.0_131-b11)
# Java VM: Java HotSpot(TM) 64-Bit Server VM (25.131-b11 mixed mode linux-amd64 )
Heap:
 PSYoungGen      total 6516224K, used 575689K [0x00002ab018980000, 0x00002ab26e980000, 0x00002ab2c3400000)
  eden space 5677056K, 0% used [0x00002ab018980000,0x00002ab018980000,0x00002ab173180000)
  from space 839168K, 68% used [0x00002ab1cb880000,0x00002ab1eeab25d0,0x00002ab1fec00000)
  to   space 1448960K, 0% used [0x00002ab173180000,0x00002ab173180000,0x00002ab1cb880000)
 ParOldGen       total 4969472K, used 4969045K [0x00002aaac3400000, 0x00002aabf2900000, 0x00002ab018980000)
  object space 4969472K, 99% used [0x00002aaac3400000,0x00002aabf2895678,0x00002aabf2900000)
 Metaspace       used 7527K, capacity 8078K, committed 8192K, reserved 8192K
GC Heap History (10 events):
Event: 572.091 GC heap after
Heap after GC invocations=15 (full 2):
 PSYoungGen      total 5672448K, used 681520K [0x00002ab018980000, 0x00002ab1fec00000, 0x00002ab2c3400000)
  eden space 4942336K, 0% used [0x00002ab018980000,0x00002ab018980000,0x00002ab146400000)
  from space 730112K, 93% used [0x00002ab146400000,0x00002ab16fd8c3e0,0x00002ab172d00000)
  to   space 839168K, 0% used [0x00002ab1cb880000,0x00002ab1cb880000,0x00002ab1fec00000)
 ParOldGen       total 2149376K, used 987954K [0x00002aaac3400000, 0x00002aab46700000, 0x00002ab018980000)
  object space 2149376K, 45% used [0x00002aaac3400000,0x00002aaaff8ccaa0,0x00002aab46700000)
 Metaspace       used 6934K, capacity 7445K, committed 7680K, reserved 8192K
}
Event: 643.045 GC heap before
{Heap before GC invocations=16 (full 2):
 PSYoungGen      total 5672448K, used 5623856K [0x00002ab018980000, 0x00002ab1fec00000, 0x00002ab2c3400000)
  eden space 4942336K, 100% used [0x00002ab018980000,0x00002ab146400000,0x00002ab146400000)
  from space 730112K, 93% used [0x00002ab146400000,0x00002ab16fd8c3e0,0x00002ab172d00000)
  to   space 839168K, 0% used [0x00002ab1cb880000,0x00002ab1cb880000,0x00002ab1fec00000)
 ParOldGen       total 2149376K, used 987954K [0x00002aaac3400000, 0x00002aab46700000, 0x00002ab018980000)
  object space 2149376K, 45% used [0x00002aaac3400000,0x00002aaaff8ccaa0,0x00002aab46700000)
 Metaspace       used 7170K, capacity 7693K, committed 7936K, reserved 8192K
Event: 694.460 GC heap after
Heap after GC invocations=16 (full 2):
 PSYoungGen      total 5672448K, used 5623856K [0x00002ab018980000, 0x00002ab1fec00000, 0x00002ab2c3400000)
  eden space 4942336K, 100% used [0x00002ab018980000,0x00002ab146400000,0x00002ab146400000)
  from space 730112K, 93% used [0x00002ab146400000,0x00002ab16fd8c3e0,0x00002ab172d00000)
  to   space 839168K, 99% used [0x00002ab1cb880000,0x00002ab1febff240,0x00002ab1fec00000)
 ParOldGen       total 2343936K, used 2338522K [0x00002aaac3400000, 0x00002aab52500000, 0x00002ab018980000)
  object space 2343936K, 99% used [0x00002aaac3400000,0x00002aab51fb6888,0x00002aab52500000)
 Metaspace       used 7170K, capacity 7693K, committed 7936K, reserved 8192K
}
Event: 694.460 GC heap before
{Heap before GC invocations=17 (full 3):
 PSYoungGen      total 5672448K, used 5623856K [0x00002ab018980000, 0x00002ab1fec00000, 0x00002ab2c3400000)
  eden space 4942336K, 100% used [0x00002ab018980000,0x00002ab146400000,0x00002ab146400000)
  from space 730112K, 93% used [0x00002ab146400000,0x00002ab16fd8c3e0,0x00002ab172d00000)
  to   space 839168K, 99% used [0x00002ab1cb880000,0x00002ab1febff240,0x00002ab1fec00000)
 ParOldGen       total 2343936K, used 2338522K [0x00002aaac3400000, 0x00002aab52500000, 0x00002ab018980000)
  object space 2343936K, 99% used [0x00002aaac3400000,0x00002aab51fb6888,0x00002aab52500000)
 Metaspace       used 7170K, capacity 7693K, committed 7936K, reserved 8192K
Event: 696.082 GC heap after
Heap after GC invocations=17 (full 3):
 PSYoungGen      total 5672448K, used 0K [0x00002ab018980000, 0x00002ab1fec00000, 0x00002ab2c3400000)
  eden space 4942336K, 0% used [0x00002ab018980000,0x00002ab018980000,0x00002ab146400000)
  from space 730112K, 0% used [0x00002ab146400000,0x00002ab146400000,0x00002ab172d00000)
  to   space 839168K, 64% used [0x00002ab1cb880000,0x00002ab1ec691cf0,0x00002ab1fec00000)
 ParOldGen       total 3585024K, used 2343669K [0x00002aaac3400000, 0x00002aab9e100000, 0x00002ab018980000)
  object space 3585024K, 65% used [0x00002aaac3400000,0x00002aab524bd658,0x00002aab9e100000)
 Metaspace       used 7161K, capacity 7668K, committed 7936K, reserved 8192K
}
Event: 716.216 GC heap before
{Heap before GC invocations=18 (full 4):
 PSYoungGen      total 5672448K, used 4942336K [0x00002ab018980000, 0x00002ab1fec00000, 0x00002ab2c3400000)
  eden space 4942336K, 100% used [0x00002ab018980000,0x00002ab146400000,0x00002ab146400000)
  from space 730112K, 0% used [0x00002ab146400000,0x00002ab146400000,0x00002ab172d00000)
  to   space 839168K, 64% used [0x00002ab1cb880000,0x00002ab1ec691cf0,0x00002ab1fec00000)
 ParOldGen       total 3585024K, used 2344940K [0x00002aaac3400000, 0x00002aab9e100000, 0x00002ab018980000)
  object space 3585024K, 65% used [0x00002aaac3400000,0x00002aab525fb078,0x00002aab9e100000)
 Metaspace       used 7518K, capacity 8178K, committed 8192K, reserved 8192K
Event: 718.121 GC heap after
Heap after GC invocations=18 (full 4):
 PSYoungGen      total 5672448K, used 1938540K [0x00002ab018980000, 0x00002ab1fec00000, 0x00002ab2c3400000)
  eden space 4942336K, 39% used [0x00002ab018980000,0x00002ab08ee9b1a8,0x00002ab146400000)
  from space 730112K, 0% used [0x00002ab146400000,0x00002ab146400000,0x00002ab172d00000)
  to   space 839168K, 0% used [0x00002ab1cb880000,0x00002ab1cb880000,0x00002ab1fec00000)
 ParOldGen       total 4969472K, used 3584906K [0x00002aaac3400000, 0x00002aabf2900000, 0x00002ab018980000)
  object space 4969472K, 72% used [0x00002aaac3400000,0x00002aab9e0e2a80,0x00002aabf2900000)
 Metaspace       used 7484K, capacity 8078K, committed 8192K, reserved 8192K
}
Event: 723.965 GC heap before
{Heap before GC invocations=19 (full 4):
 PSYoungGen      total 5672448K, used 4942336K [0x00002ab018980000, 0x00002ab1fec00000, 0x00002ab2c3400000)
  eden space 4942336K, 100% used [0x00002ab018980000,0x00002ab146400000,0x00002ab146400000)
  from space 730112K, 0% used [0x00002ab146400000,0x00002ab146400000,0x00002ab172d00000)
  to   space 839168K, 0% used [0x00002ab1cb880000,0x00002ab1cb880000,0x00002ab1fec00000)
 ParOldGen       total 4969472K, used 3584908K [0x00002aaac3400000, 0x00002aabf2900000, 0x00002ab018980000)
  object space 4969472K, 72% used [0x00002aaac3400000,0x00002aab9e0e3290,0x00002aabf2900000)
 Metaspace       used 7527K, capacity 8078K, committed 8192K, reserved 8192K
Event: 725.287 GC heap after
Heap after GC invocations=19 (full 4):
 PSYoungGen      total 6516224K, used 839137K [0x00002ab018980000, 0x00002ab26e980000, 0x00002ab2c3400000)
  eden space 5677056K, 0% used [0x00002ab018980000,0x00002ab018980000,0x00002ab173180000)
  from space 839168K, 99% used [0x00002ab1cb880000,0x00002ab1febf86d8,0x00002ab1fec00000)
  to   space 1448960K, 0% used [0x00002ab173180000,0x00002ab173180000,0x00002ab1cb880000)
 ParOldGen       total 4969472K, used 4839504K [0x00002aaac3400000, 0x00002aabf2900000, 0x00002ab018980000)
  object space 4969472K, 97% used [0x00002aaac3400000,0x00002aabeaa14230,0x00002aabf2900000)
 Metaspace       used 7527K, capacity 8078K, committed 8192K, reserved 8192K
}
Event: 725.302 GC heap before
{Heap before GC invocations=20 (full 5):
 PSYoungGen      total 6516224K, used 839137K [0x00002ab018980000, 0x00002ab26e980000, 0x00002ab2c3400000)
  eden space 5677056K, 0% used [0x00002ab018980000,0x00002ab018980000,0x00002ab173180000)
  from space 839168K, 99% used [0x00002ab1cb880000,0x00002ab1febf86d8,0x00002ab1fec00000)
  to   space 1448960K, 0% used [0x00002ab173180000,0x00002ab173180000,0x00002ab1cb880000)
 ParOldGen       total 4969472K, used 4839504K [0x00002aaac3400000, 0x00002aabf2900000, 0x00002ab018980000)
  object space 4969472K, 97% used [0x00002aaac3400000,0x00002aabeaa14230,0x00002aabf2900000)
 Metaspace       used 7527K, capacity 8078K, committed 8192K, reserved 8192K

